22-May-2019 15:30:10.015 WARNING [main] org.apache.tomcat.util.digester.SetPropertiesRule.begin [SetPropertiesRule]{Server/Service/Engine/Host/Context} Setting property 'source' to 'org.eclipse.jst.jee.server:手机商场' did not find a matching property.
22-May-2019 15:30:10.029 WARNING [main] org.apache.tomcat.util.digester.SetPropertiesRule.begin [SetPropertiesRule]{Server/Service/Engine/Host/Context} Setting property 'source' to 'org.eclipse.jst.jee.server:PartTimeHome' did not find a matching property.
22-May-2019 15:30:10.030 INFO [main] org.apache.catalina.startup.VersionLoggerListener.log Server version:        Apache Tomcat/8.0.30
22-May-2019 15:30:10.031 INFO [main] org.apache.catalina.startup.VersionLoggerListener.log Server built:          Dec 1 2015 22:30:46 UTC
22-May-2019 15:30:10.032 INFO [main] org.apache.catalina.startup.VersionLoggerListener.log Server number:         8.0.30.0
22-May-2019 15:30:10.032 INFO [main] org.apache.catalina.startup.VersionLoggerListener.log OS Name:               Windows 10
22-May-2019 15:30:10.032 INFO [main] org.apache.catalina.startup.VersionLoggerListener.log OS Version:            10.0
22-May-2019 15:30:10.033 INFO [main] org.apache.catalina.startup.VersionLoggerListener.log Architecture:          amd64
22-May-2019 15:30:10.033 INFO [main] org.apache.catalina.startup.VersionLoggerListener.log Java Home:             E:\Java\jdk1.8.0_111\jre
22-May-2019 15:30:10.033 INFO [main] org.apache.catalina.startup.VersionLoggerListener.log JVM Version:           1.8.0_111-b14
22-May-2019 15:30:10.033 INFO [main] org.apache.catalina.startup.VersionLoggerListener.log JVM Vendor:            Oracle Corporation
22-May-2019 15:30:10.034 INFO [main] org.apache.catalina.startup.VersionLoggerListener.log CATALINA_BASE:         E:\tomcat\apache-tomcat-8.0.30
22-May-2019 15:30:10.034 INFO [main] org.apache.catalina.startup.VersionLoggerListener.log CATALINA_HOME:         E:\tomcat\apache-tomcat-8.0.30
22-May-2019 15:30:10.034 INFO [main] org.apache.catalina.startup.VersionLoggerListener.log Command line argument: -Djava.util.logging.config.file=E:\tomcat\apache-tomcat-8.0.30\conf\logging.properties
22-May-2019 15:30:10.035 INFO [main] org.apache.catalina.startup.VersionLoggerListener.log Command line argument: -Djava.util.logging.manager=org.apache.juli.ClassLoaderLogManager
22-May-2019 15:30:10.035 INFO [main] org.apache.catalina.startup.VersionLoggerListener.log Command line argument: -Djava.endorsed.dirs=E:\tomcat\apache-tomcat-8.0.30\endorsed
22-May-2019 15:30:10.036 INFO [main] org.apache.catalina.startup.VersionLoggerListener.log Command line argument: -Dcatalina.base=E:\tomcat\apache-tomcat-8.0.30
22-May-2019 15:30:10.036 INFO [main] org.apache.catalina.startup.VersionLoggerListener.log Command line argument: -Dcatalina.home=E:\tomcat\apache-tomcat-8.0.30
22-May-2019 15:30:10.037 INFO [main] org.apache.catalina.startup.VersionLoggerListener.log Command line argument: -Djava.io.tmpdir=E:\tomcat\apache-tomcat-8.0.30\temp
22-May-2019 15:30:10.040 INFO [main] org.apache.catalina.core.AprLifecycleListener.lifecycleEvent Loaded APR based Apache Tomcat Native library 1.1.33 using APR version 1.5.1.
22-May-2019 15:30:10.041 INFO [main] org.apache.catalina.core.AprLifecycleListener.lifecycleEvent APR capabilities: IPv6 [true], sendfile [true], accept filters [false], random [true].
22-May-2019 15:30:10.862 INFO [main] org.apache.catalina.core.AprLifecycleListener.initializeSSL OpenSSL successfully initialized (OpenSSL 1.0.1m 19 Mar 2015)
22-May-2019 15:30:11.323 INFO [main] org.apache.coyote.AbstractProtocol.init Initializing ProtocolHandler ["http-apr-8080"]
22-May-2019 15:30:11.336 INFO [main] org.apache.coyote.AbstractProtocol.init Initializing ProtocolHandler ["ajp-apr-8009"]
22-May-2019 15:30:11.338 INFO [main] org.apache.catalina.startup.Catalina.load Initialization processed in 2155 ms
22-May-2019 15:30:11.433 INFO [main] org.apache.catalina.core.StandardService.startInternal Starting service Catalina
22-May-2019 15:30:11.434 INFO [main] org.apache.catalina.core.StandardEngine.startInternal Starting Servlet Engine: Apache Tomcat/8.0.30
22-May-2019 15:30:12.686 INFO [localhost-startStop-1] org.apache.catalina.util.SessionIdGeneratorBase.createSecureRandom Creation of SecureRandom instance for session ID generation using [SHA1PRNG] took [720] milliseconds.
22-May-2019 15:30:13.838 INFO [localhost-startStop-1] org.apache.jasper.servlet.TldScanner.scanJars At least one JAR was scanned for TLDs yet contained no TLDs. Enable debug logging for this logger for a complete list of JARs that were scanned but no TLDs were found in them. Skipping unneeded JARs during scanning can improve startup time and JSP compilation time.
22-May-2019 15:30:13.891 INFO [localhost-startStop-1] org.apache.catalina.startup.HostConfig.deployDirectory Deploying web application directory E:\tomcat\apache-tomcat-8.0.30\webapps\2019-3-17手机商城
22-May-2019 15:30:14.002 INFO [localhost-startStop-1] org.apache.catalina.startup.HostConfig.deployDirectory Deployment of web application directory E:\tomcat\apache-tomcat-8.0.30\webapps\2019-3-17手机商城 has finished in 111 ms
22-May-2019 15:30:14.003 INFO [localhost-startStop-1] org.apache.catalina.startup.HostConfig.deployDirectory Deploying web application directory E:\tomcat\apache-tomcat-8.0.30\webapps\docs
22-May-2019 15:30:14.053 INFO [localhost-startStop-1] org.apache.catalina.startup.HostConfig.deployDirectory Deployment of web application directory E:\tomcat\apache-tomcat-8.0.30\webapps\docs has finished in 50 ms
22-May-2019 15:30:14.053 INFO [localhost-startStop-1] org.apache.catalina.startup.HostConfig.deployDirectory Deploying web application directory E:\tomcat\apache-tomcat-8.0.30\webapps\examples
22-May-2019 15:30:14.524 INFO [localhost-startStop-1] org.apache.catalina.startup.HostConfig.deployDirectory Deployment of web application directory E:\tomcat\apache-tomcat-8.0.30\webapps\examples has finished in 471 ms
22-May-2019 15:30:14.525 INFO [localhost-startStop-1] org.apache.catalina.startup.HostConfig.deployDirectory Deploying web application directory E:\tomcat\apache-tomcat-8.0.30\webapps\hello
22-May-2019 15:30:14.614 INFO [localhost-startStop-1] org.apache.catalina.startup.HostConfig.deployDirectory Deployment of web application directory E:\tomcat\apache-tomcat-8.0.30\webapps\hello has finished in 89 ms
22-May-2019 15:30:14.615 INFO [localhost-startStop-1] org.apache.catalina.startup.HostConfig.deployDirectory Deploying web application directory E:\tomcat\apache-tomcat-8.0.30\webapps\host-manager
22-May-2019 15:30:14.652 INFO [localhost-startStop-1] org.apache.catalina.startup.HostConfig.deployDirectory Deployment of web application directory E:\tomcat\apache-tomcat-8.0.30\webapps\host-manager has finished in 36 ms
22-May-2019 15:30:14.652 INFO [localhost-startStop-1] org.apache.catalina.startup.HostConfig.deployDirectory Deploying web application directory E:\tomcat\apache-tomcat-8.0.30\webapps\itszt
22-May-2019 15:30:14.721 INFO [localhost-startStop-1] org.apache.catalina.startup.HostConfig.deployDirectory Deployment of web application directory E:\tomcat\apache-tomcat-8.0.30\webapps\itszt has finished in 69 ms
22-May-2019 15:30:14.722 INFO [localhost-startStop-1] org.apache.catalina.startup.HostConfig.deployDirectory Deploying web application directory E:\tomcat\apache-tomcat-8.0.30\webapps\manager
22-May-2019 15:30:14.758 INFO [localhost-startStop-1] org.apache.catalina.startup.HostConfig.deployDirectory Deployment of web application directory E:\tomcat\apache-tomcat-8.0.30\webapps\manager has finished in 35 ms
22-May-2019 15:30:14.758 INFO [localhost-startStop-1] org.apache.catalina.startup.HostConfig.deployDirectory Deploying web application directory E:\tomcat\apache-tomcat-8.0.30\webapps\myservlet
22-May-2019 15:30:14.858 INFO [localhost-startStop-1] org.apache.catalina.startup.HostConfig.deployDirectory Deployment of web application directory E:\tomcat\apache-tomcat-8.0.30\webapps\myservlet has finished in 100 ms
22-May-2019 15:30:14.859 INFO [localhost-startStop-1] org.apache.catalina.startup.HostConfig.deployDirectory Deploying web application directory E:\tomcat\apache-tomcat-8.0.30\webapps\ROOT
22-May-2019 15:30:14.905 INFO [localhost-startStop-1] org.apache.catalina.startup.HostConfig.deployDirectory Deployment of web application directory E:\tomcat\apache-tomcat-8.0.30\webapps\ROOT has finished in 47 ms
22-May-2019 15:30:14.914 INFO [main] org.apache.coyote.AbstractProtocol.start Starting ProtocolHandler ["http-apr-8080"]
22-May-2019 15:30:14.921 INFO [main] org.apache.coyote.AbstractProtocol.start Starting ProtocolHandler ["ajp-apr-8009"]
22-May-2019 15:30:14.923 INFO [main] org.apache.catalina.startup.Catalina.start Server startup in 3584 ms
22-May-2019 15:31:59.581 INFO [Thread-3] org.apache.coyote.AbstractProtocol.pause Pausing ProtocolHandler ["http-apr-8080"]
22-May-2019 15:32:36.998 WARNING [main] org.apache.tomcat.util.digester.SetPropertiesRule.begin [SetPropertiesRule]{Server/Service/Engine/Host/Context} Setting property 'source' to 'org.eclipse.jst.jee.server:手机商场' did not find a matching property.
22-May-2019 15:32:37.008 WARNING [main] org.apache.tomcat.util.digester.SetPropertiesRule.begin [SetPropertiesRule]{Server/Service/Engine/Host/Context} Setting property 'source' to 'org.eclipse.jst.jee.server:PartTimeHome' did not find a matching property.
22-May-2019 15:32:37.010 INFO [main] org.apache.catalina.startup.VersionLoggerListener.log Server version:        Apache Tomcat/8.0.30
22-May-2019 15:32:37.010 INFO [main] org.apache.catalina.startup.VersionLoggerListener.log Server built:          Dec 1 2015 22:30:46 UTC
22-May-2019 15:32:37.011 INFO [main] org.apache.catalina.startup.VersionLoggerListener.log Server number:         8.0.30.0
22-May-2019 15:32:37.011 INFO [main] org.apache.catalina.startup.VersionLoggerListener.log OS Name:               Windows 10
22-May-2019 15:32:37.011 INFO [main] org.apache.catalina.startup.VersionLoggerListener.log OS Version:            10.0
22-May-2019 15:32:37.012 INFO [main] org.apache.catalina.startup.VersionLoggerListener.log Architecture:          amd64
22-May-2019 15:32:37.012 INFO [main] org.apache.catalina.startup.VersionLoggerListener.log Java Home:             E:\Java\jdk1.8.0_111\jre
22-May-2019 15:32:37.012 INFO [main] org.apache.catalina.startup.VersionLoggerListener.log JVM Version:           1.8.0_111-b14
22-May-2019 15:32:37.012 INFO [main] org.apache.catalina.startup.VersionLoggerListener.log JVM Vendor:            Oracle Corporation
22-May-2019 15:32:37.013 INFO [main] org.apache.catalina.startup.VersionLoggerListener.log CATALINA_BASE:         E:\tomcat\apache-tomcat-8.0.30
22-May-2019 15:32:37.013 INFO [main] org.apache.catalina.startup.VersionLoggerListener.log CATALINA_HOME:         E:\tomcat\apache-tomcat-8.0.30
22-May-2019 15:32:37.013 INFO [main] org.apache.catalina.startup.VersionLoggerListener.log Command line argument: -Djava.util.logging.config.file=E:\tomcat\apache-tomcat-8.0.30\conf\logging.properties
22-May-2019 15:32:37.014 INFO [main] org.apache.catalina.startup.VersionLoggerListener.log Command line argument: -Djava.util.logging.manager=org.apache.juli.ClassLoaderLogManager
22-May-2019 15:32:37.014 INFO [main] org.apache.catalina.startup.VersionLoggerListener.log Command line argument: -Djava.endorsed.dirs=E:\tomcat\apache-tomcat-8.0.30\endorsed
22-May-2019 15:32:37.015 INFO [main] org.apache.catalina.startup.VersionLoggerListener.log Command line argument: -Dcatalina.base=E:\tomcat\apache-tomcat-8.0.30
22-May-2019 15:32:37.015 INFO [main] org.apache.catalina.startup.VersionLoggerListener.log Command line argument: -Dcatalina.home=E:\tomcat\apache-tomcat-8.0.30
22-May-2019 15:32:37.016 INFO [main] org.apache.catalina.startup.VersionLoggerListener.log Command line argument: -Djava.io.tmpdir=E:\tomcat\apache-tomcat-8.0.30\temp
22-May-2019 15:32:37.022 INFO [main] org.apache.catalina.core.AprLifecycleListener.lifecycleEvent Loaded APR based Apache Tomcat Native library 1.1.33 using APR version 1.5.1.
22-May-2019 15:32:37.023 INFO [main] org.apache.catalina.core.AprLifecycleListener.lifecycleEvent APR capabilities: IPv6 [true], sendfile [true], accept filters [false], random [true].
22-May-2019 15:32:37.794 INFO [main] org.apache.catalina.core.AprLifecycleListener.initializeSSL OpenSSL successfully initialized (OpenSSL 1.0.1m 19 Mar 2015)
22-May-2019 15:32:37.917 INFO [main] org.apache.coyote.AbstractProtocol.init Initializing ProtocolHandler ["http-apr-8080"]
22-May-2019 15:32:37.930 INFO [main] org.apache.coyote.AbstractProtocol.init Initializing ProtocolHandler ["ajp-apr-8009"]
22-May-2019 15:32:37.933 INFO [main] org.apache.catalina.startup.Catalina.load Initialization processed in 1301 ms
22-May-2019 15:32:37.960 INFO [main] org.apache.catalina.core.StandardService.startInternal Starting service Catalina
22-May-2019 15:32:37.961 INFO [main] org.apache.catalina.core.StandardEngine.startInternal Starting Servlet Engine: Apache Tomcat/8.0.30
22-May-2019 15:32:38.887 INFO [localhost-startStop-1] org.apache.catalina.util.SessionIdGeneratorBase.createSecureRandom Creation of SecureRandom instance for session ID generation using [SHA1PRNG] took [687] milliseconds.
22-May-2019 15:32:39.352 INFO [localhost-startStop-1] org.apache.jasper.servlet.TldScanner.scanJars At least one JAR was scanned for TLDs yet contained no TLDs. Enable debug logging for this logger for a complete list of JARs that were scanned but no TLDs were found in them. Skipping unneeded JARs during scanning can improve startup time and JSP compilation time.
22-May-2019 15:32:39.382 INFO [localhost-startStop-1] org.apache.catalina.startup.HostConfig.deployDirectory Deploying web application directory E:\tomcat\apache-tomcat-8.0.30\webapps\2019-3-17手机商城
22-May-2019 15:32:39.432 INFO [localhost-startStop-1] org.apache.catalina.startup.HostConfig.deployDirectory Deployment of web application directory E:\tomcat\apache-tomcat-8.0.30\webapps\2019-3-17手机商城 has finished in 50 ms
22-May-2019 15:32:39.433 INFO [localhost-startStop-1] org.apache.catalina.startup.HostConfig.deployDirectory Deploying web application directory E:\tomcat\apache-tomcat-8.0.30\webapps\docs
22-May-2019 15:32:39.460 INFO [localhost-startStop-1] org.apache.catalina.startup.HostConfig.deployDirectory Deployment of web application directory E:\tomcat\apache-tomcat-8.0.30\webapps\docs has finished in 27 ms
22-May-2019 15:32:39.461 INFO [localhost-startStop-1] org.apache.catalina.startup.HostConfig.deployDirectory Deploying web application directory E:\tomcat\apache-tomcat-8.0.30\webapps\examples
22-May-2019 15:32:39.840 INFO [localhost-startStop-1] org.apache.catalina.startup.HostConfig.deployDirectory Deployment of web application directory E:\tomcat\apache-tomcat-8.0.30\webapps\examples has finished in 379 ms
22-May-2019 15:32:39.840 INFO [localhost-startStop-1] org.apache.catalina.startup.HostConfig.deployDirectory Deploying web application directory E:\tomcat\apache-tomcat-8.0.30\webapps\hello
22-May-2019 15:32:39.893 INFO [localhost-startStop-1] org.apache.catalina.startup.HostConfig.deployDirectory Deployment of web application directory E:\tomcat\apache-tomcat-8.0.30\webapps\hello has finished in 53 ms
22-May-2019 15:32:39.893 INFO [localhost-startStop-1] org.apache.catalina.startup.HostConfig.deployDirectory Deploying web application directory E:\tomcat\apache-tomcat-8.0.30\webapps\host-manager
22-May-2019 15:32:39.923 INFO [localhost-startStop-1] org.apache.catalina.startup.HostConfig.deployDirectory Deployment of web application directory E:\tomcat\apache-tomcat-8.0.30\webapps\host-manager has finished in 30 ms
22-May-2019 15:32:39.923 INFO [localhost-startStop-1] org.apache.catalina.startup.HostConfig.deployDirectory Deploying web application directory E:\tomcat\apache-tomcat-8.0.30\webapps\itszt
22-May-2019 15:32:39.973 INFO [localhost-startStop-1] org.apache.catalina.startup.HostConfig.deployDirectory Deployment of web application directory E:\tomcat\apache-tomcat-8.0.30\webapps\itszt has finished in 50 ms
22-May-2019 15:32:39.974 INFO [localhost-startStop-1] org.apache.catalina.startup.HostConfig.deployDirectory Deploying web application directory E:\tomcat\apache-tomcat-8.0.30\webapps\manager
22-May-2019 15:32:40.005 INFO [localhost-startStop-1] org.apache.catalina.startup.HostConfig.deployDirectory Deployment of web application directory E:\tomcat\apache-tomcat-8.0.30\webapps\manager has finished in 31 ms
22-May-2019 15:32:40.005 INFO [localhost-startStop-1] org.apache.catalina.startup.HostConfig.deployDirectory Deploying web application directory E:\tomcat\apache-tomcat-8.0.30\webapps\myservlet
22-May-2019 15:32:40.043 INFO [localhost-startStop-1] org.apache.catalina.startup.HostConfig.deployDirectory Deployment of web application directory E:\tomcat\apache-tomcat-8.0.30\webapps\myservlet has finished in 38 ms
22-May-2019 15:32:40.043 INFO [localhost-startStop-1] org.apache.catalina.startup.HostConfig.deployDirectory Deploying web application directory E:\tomcat\apache-tomcat-8.0.30\webapps\ROOT
22-May-2019 15:32:40.065 INFO [localhost-startStop-1] org.apache.catalina.startup.HostConfig.deployDirectory Deployment of web application directory E:\tomcat\apache-tomcat-8.0.30\webapps\ROOT has finished in 21 ms
22-May-2019 15:32:40.069 INFO [main] org.apache.coyote.AbstractProtocol.start Starting ProtocolHandler ["http-apr-8080"]
22-May-2019 15:32:40.077 INFO [main] org.apache.coyote.AbstractProtocol.start Starting ProtocolHandler ["ajp-apr-8009"]
22-May-2019 15:32:40.078 INFO [main] org.apache.catalina.startup.Catalina.start Server startup in 2145 ms
22-May-2019 16:33:33.994 WARNING [main] org.apache.tomcat.util.digester.SetPropertiesRule.begin [SetPropertiesRule]{Server/Service/Engine/Host/Context} Setting property 'source' to 'org.eclipse.jst.jee.server:手机商场' did not find a matching property.
22-May-2019 16:33:34.028 WARNING [main] org.apache.tomcat.util.digester.SetPropertiesRule.begin [SetPropertiesRule]{Server/Service/Engine/Host/Context} Setting property 'source' to 'org.eclipse.jst.jee.server:PartTimeHome' did not find a matching property.
22-May-2019 16:33:34.034 INFO [main] org.apache.catalina.startup.VersionLoggerListener.log Server version:        Apache Tomcat/8.0.30
22-May-2019 16:33:34.035 INFO [main] org.apache.catalina.startup.VersionLoggerListener.log Server built:          Dec 1 2015 22:30:46 UTC
22-May-2019 16:33:34.036 INFO [main] org.apache.catalina.startup.VersionLoggerListener.log Server number:         8.0.30.0
22-May-2019 16:33:34.037 INFO [main] org.apache.catalina.startup.VersionLoggerListener.log OS Name:               Windows 10
22-May-2019 16:33:34.038 INFO [main] org.apache.catalina.startup.VersionLoggerListener.log OS Version:            10.0
22-May-2019 16:33:34.039 INFO [main] org.apache.catalina.startup.VersionLoggerListener.log Architecture:          amd64
22-May-2019 16:33:34.044 INFO [main] org.apache.catalina.startup.VersionLoggerListener.log Java Home:             E:\Java\jdk1.8.0_111\jre
22-May-2019 16:33:34.045 INFO [main] org.apache.catalina.startup.VersionLoggerListener.log JVM Version:           1.8.0_111-b14
22-May-2019 16:33:34.046 INFO [main] org.apache.catalina.startup.VersionLoggerListener.log JVM Vendor:            Oracle Corporation
22-May-2019 16:33:34.047 INFO [main] org.apache.catalina.startup.VersionLoggerListener.log CATALINA_BASE:         E:\tomcat\apache-tomcat-8.0.30
22-May-2019 16:33:34.048 INFO [main] org.apache.catalina.startup.VersionLoggerListener.log CATALINA_HOME:         E:\tomcat\apache-tomcat-8.0.30
22-May-2019 16:33:34.050 INFO [main] org.apache.catalina.startup.VersionLoggerListener.log Command line argument: -Djava.util.logging.config.file=E:\tomcat\apache-tomcat-8.0.30\conf\logging.properties
22-May-2019 16:33:34.051 INFO [main] org.apache.catalina.startup.VersionLoggerListener.log Command line argument: -Djava.util.logging.manager=org.apache.juli.ClassLoaderLogManager
22-May-2019 16:33:34.052 INFO [main] org.apache.catalina.startup.VersionLoggerListener.log Command line argument: -Djava.endorsed.dirs=E:\tomcat\apache-tomcat-8.0.30\endorsed
22-May-2019 16:33:34.064 INFO [main] org.apache.catalina.startup.VersionLoggerListener.log Command line argument: -Dcatalina.base=E:\tomcat\apache-tomcat-8.0.30
22-May-2019 16:33:34.066 INFO [main] org.apache.catalina.startup.VersionLoggerListener.log Command line argument: -Dcatalina.home=E:\tomcat\apache-tomcat-8.0.30
22-May-2019 16:33:34.071 INFO [main] org.apache.catalina.startup.VersionLoggerListener.log Command line argument: -Djava.io.tmpdir=E:\tomcat\apache-tomcat-8.0.30\temp
22-May-2019 16:33:34.086 INFO [main] org.apache.catalina.core.AprLifecycleListener.lifecycleEvent Loaded APR based Apache Tomcat Native library 1.1.33 using APR version 1.5.1.
22-May-2019 16:33:34.087 INFO [main] org.apache.catalina.core.AprLifecycleListener.lifecycleEvent APR capabilities: IPv6 [true], sendfile [true], accept filters [false], random [true].
22-May-2019 16:33:35.334 INFO [main] org.apache.catalina.core.AprLifecycleListener.initializeSSL OpenSSL successfully initialized (OpenSSL 1.0.1m 19 Mar 2015)
22-May-2019 16:33:36.197 INFO [main] org.apache.coyote.AbstractProtocol.init Initializing ProtocolHandler ["http-apr-8080"]
22-May-2019 16:33:36.231 INFO [main] org.apache.coyote.AbstractProtocol.init Initializing ProtocolHandler ["ajp-apr-8009"]
22-May-2019 16:33:36.236 INFO [main] org.apache.catalina.startup.Catalina.load Initialization processed in 4333 ms
22-May-2019 16:33:36.348 INFO [main] org.apache.catalina.core.StandardService.startInternal Starting service Catalina
22-May-2019 16:33:36.350 INFO [main] org.apache.catalina.core.StandardEngine.startInternal Starting Servlet Engine: Apache Tomcat/8.0.30
22-May-2019 16:33:39.208 INFO [localhost-startStop-1] org.apache.catalina.util.SessionIdGeneratorBase.createSecureRandom Creation of SecureRandom instance for session ID generation using [SHA1PRNG] took [1,785] milliseconds.
22-May-2019 16:33:41.618 INFO [localhost-startStop-1] org.apache.jasper.servlet.TldScanner.scanJars At least one JAR was scanned for TLDs yet contained no TLDs. Enable debug logging for this logger for a complete list of JARs that were scanned but no TLDs were found in them. Skipping unneeded JARs during scanning can improve startup time and JSP compilation time.
22-May-2019 16:33:41.727 INFO [localhost-startStop-1] org.apache.catalina.startup.HostConfig.deployDirectory Deploying web application directory E:\tomcat\apache-tomcat-8.0.30\webapps\2019-3-17手机商城
22-May-2019 16:33:41.953 INFO [localhost-startStop-1] org.apache.catalina.startup.HostConfig.deployDirectory Deployment of web application directory E:\tomcat\apache-tomcat-8.0.30\webapps\2019-3-17手机商城 has finished in 226 ms
22-May-2019 16:33:41.955 INFO [localhost-startStop-1] org.apache.catalina.startup.HostConfig.deployDirectory Deploying web application directory E:\tomcat\apache-tomcat-8.0.30\webapps\docs
22-May-2019 16:33:42.064 INFO [localhost-startStop-1] org.apache.catalina.startup.HostConfig.deployDirectory Deployment of web application directory E:\tomcat\apache-tomcat-8.0.30\webapps\docs has finished in 108 ms
22-May-2019 16:33:42.065 INFO [localhost-startStop-1] org.apache.catalina.startup.HostConfig.deployDirectory Deploying web application directory E:\tomcat\apache-tomcat-8.0.30\webapps\examples
22-May-2019 16:33:43.668 INFO [localhost-startStop-1] org.apache.catalina.startup.HostConfig.deployDirectory Deployment of web application directory E:\tomcat\apache-tomcat-8.0.30\webapps\examples has finished in 1,603 ms
22-May-2019 16:33:43.670 INFO [localhost-startStop-1] org.apache.catalina.startup.HostConfig.deployDirectory Deploying web application directory E:\tomcat\apache-tomcat-8.0.30\webapps\hello
22-May-2019 16:33:43.881 INFO [localhost-startStop-1] org.apache.catalina.startup.HostConfig.deployDirectory Deployment of web application directory E:\tomcat\apache-tomcat-8.0.30\webapps\hello has finished in 211 ms
22-May-2019 16:33:43.883 INFO [localhost-startStop-1] org.apache.catalina.startup.HostConfig.deployDirectory Deploying web application directory E:\tomcat\apache-tomcat-8.0.30\webapps\host-manager
22-May-2019 16:33:44.006 INFO [localhost-startStop-1] org.apache.catalina.startup.HostConfig.deployDirectory Deployment of web application directory E:\tomcat\apache-tomcat-8.0.30\webapps\host-manager has finished in 123 ms
22-May-2019 16:33:44.008 INFO [localhost-startStop-1] org.apache.catalina.startup.HostConfig.deployDirectory Deploying web application directory E:\tomcat\apache-tomcat-8.0.30\webapps\itszt
22-May-2019 16:33:44.190 INFO [localhost-startStop-1] org.apache.catalina.startup.HostConfig.deployDirectory Deployment of web application directory E:\tomcat\apache-tomcat-8.0.30\webapps\itszt has finished in 181 ms
22-May-2019 16:33:44.191 INFO [localhost-startStop-1] org.apache.catalina.startup.HostConfig.deployDirectory Deploying web application directory E:\tomcat\apache-tomcat-8.0.30\webapps\manager
22-May-2019 16:33:44.294 INFO [localhost-startStop-1] org.apache.catalina.startup.HostConfig.deployDirectory Deployment of web application directory E:\tomcat\apache-tomcat-8.0.30\webapps\manager has finished in 103 ms
22-May-2019 16:33:44.296 INFO [localhost-startStop-1] org.apache.catalina.startup.HostConfig.deployDirectory Deploying web application directory E:\tomcat\apache-tomcat-8.0.30\webapps\myservlet
22-May-2019 16:33:44.475 INFO [localhost-startStop-1] org.apache.catalina.startup.HostConfig.deployDirectory Deployment of web application directory E:\tomcat\apache-tomcat-8.0.30\webapps\myservlet has finished in 179 ms
22-May-2019 16:33:44.477 INFO [localhost-startStop-1] org.apache.catalina.startup.HostConfig.deployDirectory Deploying web application directory E:\tomcat\apache-tomcat-8.0.30\webapps\ROOT
22-May-2019 16:33:44.579 INFO [localhost-startStop-1] org.apache.catalina.startup.HostConfig.deployDirectory Deployment of web application directory E:\tomcat\apache-tomcat-8.0.30\webapps\ROOT has finished in 103 ms
22-May-2019 16:33:44.619 INFO [main] org.apache.coyote.AbstractProtocol.start Starting ProtocolHandler ["http-apr-8080"]
22-May-2019 16:33:44.648 INFO [main] org.apache.coyote.AbstractProtocol.start Starting ProtocolHandler ["ajp-apr-8009"]
22-May-2019 16:33:44.652 INFO [main] org.apache.catalina.startup.Catalina.start Server startup in 8415 ms
22-May-2019 16:35:09.652 WARNING [main] org.apache.tomcat.util.digester.SetPropertiesRule.begin [SetPropertiesRule]{Server/Service/Engine/Host/Context} Setting property 'source' to 'org.eclipse.jst.jee.server:手机商场' did not find a matching property.
22-May-2019 16:35:09.685 WARNING [main] org.apache.tomcat.util.digester.SetPropertiesRule.begin [SetPropertiesRule]{Server/Service/Engine/Host/Context} Setting property 'source' to 'org.eclipse.jst.jee.server:PartTimeHome' did not find a matching property.
22-May-2019 16:35:09.692 INFO [main] org.apache.catalina.startup.VersionLoggerListener.log Server version:        Apache Tomcat/8.0.30
22-May-2019 16:35:09.693 INFO [main] org.apache.catalina.startup.VersionLoggerListener.log Server built:          Dec 1 2015 22:30:46 UTC
22-May-2019 16:35:09.694 INFO [main] org.apache.catalina.startup.VersionLoggerListener.log Server number:         8.0.30.0
22-May-2019 16:35:09.695 INFO [main] org.apache.catalina.startup.VersionLoggerListener.log OS Name:               Windows 10
22-May-2019 16:35:09.696 INFO [main] org.apache.catalina.startup.VersionLoggerListener.log OS Version:            10.0
22-May-2019 16:35:09.697 INFO [main] org.apache.catalina.startup.VersionLoggerListener.log Architecture:          amd64
22-May-2019 16:35:09.700 INFO [main] org.apache.catalina.startup.VersionLoggerListener.log Java Home:             E:\Java\jdk1.8.0_111\jre
22-May-2019 16:35:09.701 INFO [main] org.apache.catalina.startup.VersionLoggerListener.log JVM Version:           1.8.0_111-b14
22-May-2019 16:35:09.702 INFO [main] org.apache.catalina.startup.VersionLoggerListener.log JVM Vendor:            Oracle Corporation
22-May-2019 16:35:09.703 INFO [main] org.apache.catalina.startup.VersionLoggerListener.log CATALINA_BASE:         E:\tomcat\apache-tomcat-8.0.30
22-May-2019 16:35:09.704 INFO [main] org.apache.catalina.startup.VersionLoggerListener.log CATALINA_HOME:         E:\tomcat\apache-tomcat-8.0.30
22-May-2019 16:35:09.706 INFO [main] org.apache.catalina.startup.VersionLoggerListener.log Command line argument: -Djava.util.logging.config.file=E:\tomcat\apache-tomcat-8.0.30\conf\logging.properties
22-May-2019 16:35:09.708 INFO [main] org.apache.catalina.startup.VersionLoggerListener.log Command line argument: -Djava.util.logging.manager=org.apache.juli.ClassLoaderLogManager
22-May-2019 16:35:09.709 INFO [main] org.apache.catalina.startup.VersionLoggerListener.log Command line argument: -Djava.endorsed.dirs=E:\tomcat\apache-tomcat-8.0.30\endorsed
22-May-2019 16:35:09.716 INFO [main] org.apache.catalina.startup.VersionLoggerListener.log Command line argument: -Dcatalina.base=E:\tomcat\apache-tomcat-8.0.30
22-May-2019 16:35:09.718 INFO [main] org.apache.catalina.startup.VersionLoggerListener.log Command line argument: -Dcatalina.home=E:\tomcat\apache-tomcat-8.0.30
22-May-2019 16:35:09.722 INFO [main] org.apache.catalina.startup.VersionLoggerListener.log Command line argument: -Djava.io.tmpdir=E:\tomcat\apache-tomcat-8.0.30\temp
22-May-2019 16:35:09.739 INFO [main] org.apache.catalina.core.AprLifecycleListener.lifecycleEvent Loaded APR based Apache Tomcat Native library 1.1.33 using APR version 1.5.1.
22-May-2019 16:35:09.741 INFO [main] org.apache.catalina.core.AprLifecycleListener.lifecycleEvent APR capabilities: IPv6 [true], sendfile [true], accept filters [false], random [true].
22-May-2019 16:35:10.991 INFO [main] org.apache.catalina.core.AprLifecycleListener.initializeSSL OpenSSL successfully initialized (OpenSSL 1.0.1m 19 Mar 2015)
22-May-2019 16:35:11.403 INFO [main] org.apache.coyote.AbstractProtocol.init Initializing ProtocolHandler ["http-apr-8080"]
22-May-2019 16:35:11.435 INFO [main] org.apache.coyote.AbstractProtocol.init Initializing ProtocolHandler ["ajp-apr-8009"]
22-May-2019 16:35:11.441 INFO [main] org.apache.catalina.startup.Catalina.load Initialization processed in 3050 ms
22-May-2019 16:35:11.516 INFO [main] org.apache.catalina.core.StandardService.startInternal Starting service Catalina
22-May-2019 16:35:11.518 INFO [main] org.apache.catalina.core.StandardEngine.startInternal Starting Servlet Engine: Apache Tomcat/8.0.30
22-May-2019 16:35:14.000 INFO [localhost-startStop-1] org.apache.catalina.util.SessionIdGeneratorBase.createSecureRandom Creation of SecureRandom instance for session ID generation using [SHA1PRNG] took [1,539] milliseconds.
22-May-2019 16:35:15.586 INFO [localhost-startStop-1] org.apache.jasper.servlet.TldScanner.scanJars At least one JAR was scanned for TLDs yet contained no TLDs. Enable debug logging for this logger for a complete list of JARs that were scanned but no TLDs were found in them. Skipping unneeded JARs during scanning can improve startup time and JSP compilation time.
22-May-2019 16:35:15.666 INFO [localhost-startStop-1] org.apache.catalina.startup.HostConfig.deployDirectory Deploying web application directory E:\tomcat\apache-tomcat-8.0.30\webapps\2019-3-17手机商城
22-May-2019 16:35:15.832 INFO [localhost-startStop-1] org.apache.catalina.startup.HostConfig.deployDirectory Deployment of web application directory E:\tomcat\apache-tomcat-8.0.30\webapps\2019-3-17手机商城 has finished in 166 ms
22-May-2019 16:35:15.834 INFO [localhost-startStop-1] org.apache.catalina.startup.HostConfig.deployDirectory Deploying web application directory E:\tomcat\apache-tomcat-8.0.30\webapps\docs
22-May-2019 16:35:15.921 INFO [localhost-startStop-1] org.apache.catalina.startup.HostConfig.deployDirectory Deployment of web application directory E:\tomcat\apache-tomcat-8.0.30\webapps\docs has finished in 87 ms
22-May-2019 16:35:15.923 INFO [localhost-startStop-1] org.apache.catalina.startup.HostConfig.deployDirectory Deploying web application directory E:\tomcat\apache-tomcat-8.0.30\webapps\examples
22-May-2019 16:35:17.186 INFO [localhost-startStop-1] org.apache.catalina.startup.HostConfig.deployDirectory Deployment of web application directory E:\tomcat\apache-tomcat-8.0.30\webapps\examples has finished in 1,263 ms
22-May-2019 16:35:17.188 INFO [localhost-startStop-1] org.apache.catalina.startup.HostConfig.deployDirectory Deploying web application directory E:\tomcat\apache-tomcat-8.0.30\webapps\hello
22-May-2019 16:35:17.356 INFO [localhost-startStop-1] org.apache.catalina.startup.HostConfig.deployDirectory Deployment of web application directory E:\tomcat\apache-tomcat-8.0.30\webapps\hello has finished in 168 ms
22-May-2019 16:35:17.357 INFO [localhost-startStop-1] org.apache.catalina.startup.HostConfig.deployDirectory Deploying web application directory E:\tomcat\apache-tomcat-8.0.30\webapps\host-manager
22-May-2019 16:35:17.486 INFO [localhost-startStop-1] org.apache.catalina.startup.HostConfig.deployDirectory Deployment of web application directory E:\tomcat\apache-tomcat-8.0.30\webapps\host-manager has finished in 128 ms
22-May-2019 16:35:17.488 INFO [localhost-startStop-1] org.apache.catalina.startup.HostConfig.deployDirectory Deploying web application directory E:\tomcat\apache-tomcat-8.0.30\webapps\itszt
22-May-2019 16:35:17.646 INFO [localhost-startStop-1] org.apache.catalina.startup.HostConfig.deployDirectory Deployment of web application directory E:\tomcat\apache-tomcat-8.0.30\webapps\itszt has finished in 159 ms
22-May-2019 16:35:17.649 INFO [localhost-startStop-1] org.apache.catalina.startup.HostConfig.deployDirectory Deploying web application directory E:\tomcat\apache-tomcat-8.0.30\webapps\manager
22-May-2019 16:35:17.743 INFO [localhost-startStop-1] org.apache.catalina.startup.HostConfig.deployDirectory Deployment of web application directory E:\tomcat\apache-tomcat-8.0.30\webapps\manager has finished in 94 ms
22-May-2019 16:35:17.744 INFO [localhost-startStop-1] org.apache.catalina.startup.HostConfig.deployDirectory Deploying web application directory E:\tomcat\apache-tomcat-8.0.30\webapps\myservlet
22-May-2019 16:35:17.876 INFO [localhost-startStop-1] org.apache.catalina.startup.HostConfig.deployDirectory Deployment of web application directory E:\tomcat\apache-tomcat-8.0.30\webapps\myservlet has finished in 132 ms
22-May-2019 16:35:17.878 INFO [localhost-startStop-1] org.apache.catalina.startup.HostConfig.deployDirectory Deploying web application directory E:\tomcat\apache-tomcat-8.0.30\webapps\ROOT
22-May-2019 16:35:17.955 INFO [localhost-startStop-1] org.apache.catalina.startup.HostConfig.deployDirectory Deployment of web application directory E:\tomcat\apache-tomcat-8.0.30\webapps\ROOT has finished in 77 ms
22-May-2019 16:35:17.976 INFO [main] org.apache.coyote.AbstractProtocol.start Starting ProtocolHandler ["http-apr-8080"]
22-May-2019 16:35:17.997 INFO [main] org.apache.coyote.AbstractProtocol.start Starting ProtocolHandler ["ajp-apr-8009"]
22-May-2019 16:35:18.000 INFO [main] org.apache.catalina.startup.Catalina.start Server startup in 6557 ms
